This is XeTeX, Version 3.14159265-2.6-0.999992 (TeX Live 2020/W32TeX) (preloaded format=xelatex 2020.10.6)  9 OCT 2020 11:28
entering extended mode
 restricted \write18 enabled.
 %&-line parsing enabled.
**paper.tex
(./paper.tex
LaTeX2e <2020-10-01>
L3 programming layer <2020-10-05> xparse <2020-03-03>
(c:/Users/Eigenaar/AppData/Roaming/TinyTeX/texmf-dist/tex/latex/base/article.cl
s
Document Class: article 2020/04/10 v1.4m Standard LaTeX document class

(c:/Users/Eigenaar/AppData/Roaming/TinyTeX/texmf-dist/tex/latex/base/size10.clo
File: size10.clo 2020/04/10 v1.4m Standard LaTeX file (size option)
)
\c@part=\count171
\c@section=\count172
\c@subsection=\count173
\c@subsubsection=\count174
\c@paragraph=\count175
\c@subparagraph=\count176
\c@figure=\count177
\c@table=\count178
\abovecaptionskip=\skip47
\belowcaptionskip=\skip48
\bibindent=\dimen138
)
\@input{"defs.aux"}
\openout2 = `defs.aux'.

(./defs.tex
(c:/Users/Eigenaar/AppData/Roaming/TinyTeX/texmf-dist/tex/latex/amsmath/amsmath
.sty
Package: amsmath 2020/09/23 v2.17i AMS math features
\@mathmargin=\skip49
For additional information on amsmath, use the `?' option.

(c:/Users/Eigenaar/AppData/Roaming/TinyTeX/texmf-dist/tex/latex/amsmath/amstext
.sty
Package: amstext 2000/06/29 v2.01 AMS text

(c:/Users/Eigenaar/AppData/Roaming/TinyTeX/texmf-dist/tex/latex/amsmath/amsgen.
sty
File: amsgen.sty 1999/11/30 v2.0 generic functions
\@emptytoks=\toks15
\ex@=\dimen139
))
(c:/Users/Eigenaar/AppData/Roaming/TinyTeX/texmf-dist/tex/latex/amsmath/amsbsy.
sty
Package: amsbsy 1999/11/29 v1.2d Bold Symbols
\pmbraise@=\dimen140
)
(c:/Users/Eigenaar/AppData/Roaming/TinyTeX/texmf-dist/tex/latex/amsmath/amsopn.
sty
Package: amsopn 2016/03/08 v2.02 operator names
)
\inf@bad=\count179
LaTeX Info: Redefining \frac on input line 234.
\uproot@=\count180
\leftroot@=\count181
LaTeX Info: Redefining \overline on input line 399.
\classnum@=\count182
\DOTSCASE@=\count183
LaTeX Info: Redefining \ldots on input line 496.
LaTeX Info: Redefining \dots on input line 499.
LaTeX Info: Redefining \cdots on input line 620.
\Mathstrutbox@=\box47
\strutbox@=\box48
\big@size=\dimen141
LaTeX Font Info:    Redeclaring font encoding OML on input line 743.
LaTeX Font Info:    Redeclaring font encoding OMS on input line 744.
\macc@depth=\count184
\c@MaxMatrixCols=\count185
\dotsspace@=\muskip16
\c@parentequation=\count186
\dspbrk@lvl=\count187
\tag@help=\toks16
\row@=\count188
\column@=\count189
\maxfields@=\count190
\andhelp@=\toks17
\eqnshift@=\dimen142
\alignsep@=\dimen143
\tagshift@=\dimen144
\tagwidth@=\dimen145
\totwidth@=\dimen146
\lineht@=\dimen147
\@envbody=\toks18
\multlinegap=\skip50
\multlinetaggap=\skip51
\mathdisplay@stack=\toks19
LaTeX Info: Redefining \[ on input line 2923.
LaTeX Info: Redefining \] on input line 2924.
)
(c:/Users/Eigenaar/AppData/Roaming/TinyTeX/texmf-dist/tex/latex/tools/array.sty
Package: array 2020/10/01 v2.5c Tabular extension package (FMi)
\col@sep=\dimen148
\ar@mcellbox=\box49
\extrarowheight=\dimen149
\NC@list=\toks20
\extratabsurround=\skip52
\backup@length=\skip53
\ar@cellbox=\box50
)
(c:/Users/Eigenaar/AppData/Roaming/TinyTeX/texmf-dist/tex/latex/booktabs/bookta
bs.sty
Package: booktabs 2020/01/12 v1.61803398 Publication quality tables
\heavyrulewidth=\dimen150
\lightrulewidth=\dimen151
\cmidrulewidth=\dimen152
\belowrulesep=\dimen153
\belowbottomsep=\dimen154
\aboverulesep=\dimen155
\abovetopsep=\dimen156
\cmidrulesep=\dimen157
\cmidrulekern=\dimen158
\defaultaddspace=\dimen159
\@cmidla=\count191
\@cmidlb=\count192
\@aboverulesep=\dimen160
\@belowrulesep=\dimen161
\@thisruleclass=\count193
\@lastruleclass=\count194
\@thisrulewidth=\dimen162
) (c:/Users/Eigenaar/AppData/Roaming/TinyTeX/texmf-dist/tex/latex/tools/calc.st
y
Package: calc 2017/05/25 v4.3 Infix arithmetic (KKT,FJ)
\calc@Acount=\count195
\calc@Bcount=\count196
\calc@Adimen=\dimen163
\calc@Bdimen=\dimen164
\calc@Askip=\skip54
\calc@Bskip=\skip55
LaTeX Info: Redefining \setlength on input line 80.
LaTeX Info: Redefining \addtolength on input line 81.
\calc@Ccount=\count197
\calc@Cskip=\skip56
)
(c:/Users/Eigenaar/AppData/Roaming/TinyTeX/texmf-dist/tex/latex/eso-pic/eso-pic
.sty
Package: eso-pic 2020/09/27 v2.0i eso-pic (RN)

(c:/Users/Eigenaar/AppData/Roaming/TinyTeX/texmf-dist/tex/latex/base/atbegshi-l
tx.sty
Package: atbegshi-ltx 2020/08/17 v1.0a Emulation of the original atbegshi packa
ge
with kernel methods
)
\ESO@tempdima=\dimen165
\ESO@tempdimb=\dimen166

(c:/Users/Eigenaar/AppData/Roaming/TinyTeX/texmf-dist/tex/latex/graphics/keyval
.sty
Package: keyval 2014/10/28 v1.15 key=value parser (DPC)
\KV@toks@=\toks21
)
(c:/Users/Eigenaar/AppData/Roaming/TinyTeX/texmf-dist/tex/latex/xcolor/xcolor.s
ty
Package: xcolor 2016/05/11 v2.12 LaTeX color extensions (UK)

(c:/Users/Eigenaar/AppData/Roaming/TinyTeX/texmf-dist/tex/latex/graphics-cfg/co
lor.cfg
File: color.cfg 2016/01/02 v1.6 sample color configuration
)
Package xcolor Info: Driver file: xetex.def on input line 225.

(c:/Users/Eigenaar/AppData/Roaming/TinyTeX/texmf-dist/tex/latex/graphics-def/xe
tex.def
File: xetex.def 2020/08/26 v5.0i Graphics/color driver for xetex
)
Package xcolor Info: Model `cmy' substituted by `cmy0' on input line 1348.
Package xcolor Info: Model `RGB' extended on input line 1364.
Package xcolor Info: Model `HTML' substituted by `rgb' on input line 1366.
Package xcolor Info: Model `Hsb' substituted by `hsb' on input line 1367.
Package xcolor Info: Model `tHsb' substituted by `hsb' on input line 1368.
Package xcolor Info: Model `HSB' substituted by `hsb' on input line 1369.
Package xcolor Info: Model `Gray' substituted by `gray' on input line 1370.
Package xcolor Info: Model `wave' substituted by `hsb' on input line 1371.
))
(c:/Users/Eigenaar/AppData/Roaming/TinyTeX/texmf-dist/tex/latex/fancyhdr/fancyh
dr.sty
Package: fancyhdr 2019/01/31 v3.10 Extensive control of page headers and footer
s
\f@nch@headwidth=\skip57
\f@nch@O@elh=\skip58
\f@nch@O@erh=\skip59
\f@nch@O@olh=\skip60
\f@nch@O@orh=\skip61
\f@nch@O@elf=\skip62
\f@nch@O@erf=\skip63
\f@nch@O@olf=\skip64
\f@nch@O@orf=\skip65
)
(c:/Users/Eigenaar/AppData/Roaming/TinyTeX/texmf-dist/tex/latex/fontspec/fontsp
ec.sty
(c:/Users/Eigenaar/AppData/Roaming/TinyTeX/texmf-dist/tex/latex/l3packages/xpar
se/xparse.sty
(c:/Users/Eigenaar/AppData/Roaming/TinyTeX/texmf-dist/tex/latex/l3kernel/expl3.
sty
Package: expl3 2020-10-05 L3 programming layer (loader) 

(c:/Users/Eigenaar/AppData/Roaming/TinyTeX/texmf-dist/tex/latex/l3backend/l3bac
kend-xetex.def
File: l3backend-xetex.def 2020-09-24 L3 backend support: XeTeX
\g__graphics_track_int=\count198
\l__pdf_internal_box=\box51
\g__pdf_backend_object_int=\count199
\g__pdf_backend_annotation_int=\count266
))
Package: xparse 2020-10-05 L3 Experimental document command parser

(c:/Users/Eigenaar/AppData/Roaming/TinyTeX/texmf-dist/tex/latex/l3packages/xpar
se/xparse-generic.tex))
Package: fontspec 2020/02/21 v2.7i Font selection for XeLaTeX and LuaLaTeX

(c:/Users/Eigenaar/AppData/Roaming/TinyTeX/texmf-dist/tex/latex/fontspec/fontsp
ec-xetex.sty
Package: fontspec-xetex 2020/02/21 v2.7i Font selection for XeLaTeX and LuaLaTe
X
\l__fontspec_script_int=\count267
\l__fontspec_language_int=\count268
\l__fontspec_strnum_int=\count269
\l__fontspec_tmp_int=\count270
\l__fontspec_tmpa_int=\count271
\l__fontspec_tmpb_int=\count272
\l__fontspec_tmpc_int=\count273
\l__fontspec_em_int=\count274
\l__fontspec_emdef_int=\count275
\l__fontspec_strong_int=\count276
\l__fontspec_strongdef_int=\count277
\l__fontspec_tmpa_dim=\dimen167
\l__fontspec_tmpb_dim=\dimen168
\l__fontspec_tmpc_dim=\dimen169

(c:/Users/Eigenaar/AppData/Roaming/TinyTeX/texmf-dist/tex/latex/base/fontenc.st
y
Package: fontenc 2020/08/10 v2.0s Standard LaTeX package
)
(c:/Users/Eigenaar/AppData/Roaming/TinyTeX/texmf-dist/tex/latex/fontspec/fontsp
ec.cfg)))
(c:/Users/Eigenaar/AppData/Roaming/TinyTeX/texmf-dist/tex/latex/geometry/geomet
ry.sty
Package: geometry 2020/01/02 v5.9 Page Geometry

(c:/Users/Eigenaar/AppData/Roaming/TinyTeX/texmf-dist/tex/generic/iftex/ifvtex.
sty
Package: ifvtex 2019/10/25 v1.7 ifvtex legacy package. Use iftex instead.

(c:/Users/Eigenaar/AppData/Roaming/TinyTeX/texmf-dist/tex/generic/iftex/iftex.s
ty
Package: iftex 2020/03/06 v1.0d TeX engine tests
))
\Gm@cnth=\count278
\Gm@cntv=\count279
\c@Gm@tempcnt=\count280
\Gm@bindingoffset=\dimen170
\Gm@wd@mp=\dimen171
\Gm@odd@mp=\dimen172
\Gm@even@mp=\dimen173
\Gm@layoutwidth=\dimen174
\Gm@layoutheight=\dimen175
\Gm@layouthoffset=\dimen176
\Gm@layoutvoffset=\dimen177
\Gm@dimlist=\toks22
)
(c:/Users/Eigenaar/AppData/Roaming/TinyTeX/texmf-dist/tex/latex/graphics/graphi
cx.sty
Package: graphicx 2020/09/09 v1.2b Enhanced LaTeX Graphics (DPC,SPQR)

(c:/Users/Eigenaar/AppData/Roaming/TinyTeX/texmf-dist/tex/latex/graphics/graphi
cs.sty
Package: graphics 2020/08/30 v1.4c Standard LaTeX Graphics (DPC,SPQR)

(c:/Users/Eigenaar/AppData/Roaming/TinyTeX/texmf-dist/tex/latex/graphics/trig.s
ty
Package: trig 2016/01/03 v1.10 sin cos tan (DPC)
)
(c:/Users/Eigenaar/AppData/Roaming/TinyTeX/texmf-dist/tex/latex/graphics-cfg/gr
aphics.cfg
File: graphics.cfg 2016/06/04 v1.11 sample graphics configuration
)
Package graphics Info: Driver file: xetex.def on input line 105.
)
\Gin@req@height=\dimen178
\Gin@req@width=\dimen179
)
(c:/Users/Eigenaar/AppData/Roaming/TinyTeX/texmf-dist/tex/latex/base/inputenc.s
ty
Package: inputenc 2020/08/01 v1.3d Input encoding file
\inpenc@prehook=\toks23
\inpenc@posthook=\toks24

Package inputenc Warning: inputenc package ignored with utf8 based engines.

)
(c:/Users/Eigenaar/AppData/Roaming/TinyTeX/texmf-dist/tex/latex/lastpage/lastpa
ge.sty
Package: lastpage 2015/03/29 v1.2m Refers to last page's name (HMM; JPG)
)
(c:/Users/Eigenaar/AppData/Roaming/TinyTeX/texmf-dist/tex/latex/multirow/multir
ow.sty
Package: multirow 2019/05/31 v2.5 Span multiple rows of a table
\multirow@colwidth=\skip66
\multirow@cntb=\count281
\multirow@dima=\skip67
\bigstrutjot=\dimen180
)
(c:/Users/Eigenaar/AppData/Roaming/TinyTeX/texmf-dist/tex/latex/tools/tabularx.
sty
Package: tabularx 2020/01/15 v2.11c `tabularx' package (DPC)
\TX@col@width=\dimen181
\TX@old@table=\dimen182
\TX@old@col=\dimen183
\TX@target=\dimen184
\TX@delta=\dimen185
\TX@cols=\count282
\TX@ftn=\toks25
)
(c:/Users/Eigenaar/AppData/Roaming/TinyTeX/texmf-dist/tex/latex/pgf/frontendlay
er/tikz.sty
(c:/Users/Eigenaar/AppData/Roaming/TinyTeX/texmf-dist/tex/latex/pgf/basiclayer/
pgf.sty
(c:/Users/Eigenaar/AppData/Roaming/TinyTeX/texmf-dist/tex/latex/pgf/utilities/p
gfrcs.sty
(c:/Users/Eigenaar/AppData/Roaming/TinyTeX/texmf-dist/tex/generic/pgf/utilities
/pgfutil-common.tex
\pgfutil@everybye=\toks26
\pgfutil@tempdima=\dimen186
\pgfutil@tempdimb=\dimen187

(c:/Users/Eigenaar/AppData/Roaming/TinyTeX/texmf-dist/tex/generic/pgf/utilities
/pgfutil-common-lists.tex))
(c:/Users/Eigenaar/AppData/Roaming/TinyTeX/texmf-dist/tex/generic/pgf/utilities
/pgfutil-latex.def
\pgfutil@abb=\box52
)
(c:/Users/Eigenaar/AppData/Roaming/TinyTeX/texmf-dist/tex/generic/pgf/utilities
/pgfrcs.code.tex
(c:/Users/Eigenaar/AppData/Roaming/TinyTeX/texmf-dist/tex/generic/pgf/pgf.revis
ion.tex)
Package: pgfrcs 2020/10/01 v3.1.6a (3.1.6a)
))
Package: pgf 2020/10/01 v3.1.6a (3.1.6a)

(c:/Users/Eigenaar/AppData/Roaming/TinyTeX/texmf-dist/tex/latex/pgf/basiclayer/
pgfcore.sty
(c:/Users/Eigenaar/AppData/Roaming/TinyTeX/texmf-dist/tex/latex/pgf/systemlayer
/pgfsys.sty
(c:/Users/Eigenaar/AppData/Roaming/TinyTeX/texmf-dist/tex/generic/pgf/systemlay
er/pgfsys.code.tex
Package: pgfsys 2020/10/01 v3.1.6a (3.1.6a)

(c:/Users/Eigenaar/AppData/Roaming/TinyTeX/texmf-dist/tex/generic/pgf/utilities
/pgfkeys.code.tex
\pgfkeys@pathtoks=\toks27
\pgfkeys@temptoks=\toks28

(c:/Users/Eigenaar/AppData/Roaming/TinyTeX/texmf-dist/tex/generic/pgf/utilities
/pgfkeysfiltered.code.tex
\pgfkeys@tmptoks=\toks29
))
\pgf@x=\dimen188
\pgf@y=\dimen189
\pgf@xa=\dimen190
\pgf@ya=\dimen191
\pgf@xb=\dimen192
\pgf@yb=\dimen193
\pgf@xc=\dimen194
\pgf@yc=\dimen195
\pgf@xd=\dimen196
\pgf@yd=\dimen197
\w@pgf@writea=\write3
\r@pgf@reada=\read2
\c@pgf@counta=\count283
\c@pgf@countb=\count284
\c@pgf@countc=\count285
\c@pgf@countd=\count286
\t@pgf@toka=\toks30
\t@pgf@tokb=\toks31
\t@pgf@tokc=\toks32
\pgf@sys@id@count=\count287

(c:/Users/Eigenaar/AppData/Roaming/TinyTeX/texmf-dist/tex/generic/pgf/systemlay
er/pgf.cfg
File: pgf.cfg 2020/10/01 v3.1.6a (3.1.6a)
)
Driver file for pgf: pgfsys-xetex.def

(c:/Users/Eigenaar/AppData/Roaming/TinyTeX/texmf-dist/tex/generic/pgf/systemlay
er/pgfsys-xetex.def
File: pgfsys-xetex.def 2020/10/01 v3.1.6a (3.1.6a)

(c:/Users/Eigenaar/AppData/Roaming/TinyTeX/texmf-dist/tex/generic/pgf/systemlay
er/pgfsys-dvipdfmx.def
File: pgfsys-dvipdfmx.def 2020/10/01 v3.1.6a (3.1.6a)

(c:/Users/Eigenaar/AppData/Roaming/TinyTeX/texmf-dist/tex/generic/pgf/systemlay
er/pgfsys-common-pdf.def
File: pgfsys-common-pdf.def 2020/10/01 v3.1.6a (3.1.6a)
)
\pgfsys@objnum=\count288
)))
(c:/Users/Eigenaar/AppData/Roaming/TinyTeX/texmf-dist/tex/generic/pgf/systemlay
er/pgfsyssoftpath.code.tex
File: pgfsyssoftpath.code.tex 2020/10/01 v3.1.6a (3.1.6a)
\pgfsyssoftpath@smallbuffer@items=\count289
\pgfsyssoftpath@bigbuffer@items=\count290
)
(c:/Users/Eigenaar/AppData/Roaming/TinyTeX/texmf-dist/tex/generic/pgf/systemlay
er/pgfsysprotocol.code.tex
File: pgfsysprotocol.code.tex 2020/10/01 v3.1.6a (3.1.6a)
))
(c:/Users/Eigenaar/AppData/Roaming/TinyTeX/texmf-dist/tex/generic/pgf/basiclaye
r/pgfcore.code.tex
Package: pgfcore 2020/10/01 v3.1.6a (3.1.6a)

(c:/Users/Eigenaar/AppData/Roaming/TinyTeX/texmf-dist/tex/generic/pgf/math/pgfm
ath.code.tex
(c:/Users/Eigenaar/AppData/Roaming/TinyTeX/texmf-dist/tex/generic/pgf/math/pgfm
athcalc.code.tex
(c:/Users/Eigenaar/AppData/Roaming/TinyTeX/texmf-dist/tex/generic/pgf/math/pgfm
athutil.code.tex)
(c:/Users/Eigenaar/AppData/Roaming/TinyTeX/texmf-dist/tex/generic/pgf/math/pgfm
athparser.code.tex
\pgfmath@dimen=\dimen198
\pgfmath@count=\count291
\pgfmath@box=\box53
\pgfmath@toks=\toks33
\pgfmath@stack@operand=\toks34
\pgfmath@stack@operation=\toks35
)
(c:/Users/Eigenaar/AppData/Roaming/TinyTeX/texmf-dist/tex/generic/pgf/math/pgfm
athfunctions.code.tex
(c:/Users/Eigenaar/AppData/Roaming/TinyTeX/texmf-dist/tex/generic/pgf/math/pgfm
athfunctions.basic.code.tex)
(c:/Users/Eigenaar/AppData/Roaming/TinyTeX/texmf-dist/tex/generic/pgf/math/pgfm
athfunctions.trigonometric.code.tex)
(c:/Users/Eigenaar/AppData/Roaming/TinyTeX/texmf-dist/tex/generic/pgf/math/pgfm
athfunctions.random.code.tex)
(c:/Users/Eigenaar/AppData/Roaming/TinyTeX/texmf-dist/tex/generic/pgf/math/pgfm
athfunctions.comparison.code.tex)
(c:/Users/Eigenaar/AppData/Roaming/TinyTeX/texmf-dist/tex/generic/pgf/math/pgfm
athfunctions.base.code.tex)
(c:/Users/Eigenaar/AppData/Roaming/TinyTeX/texmf-dist/tex/generic/pgf/math/pgfm
athfunctions.round.code.tex)
(c:/Users/Eigenaar/AppData/Roaming/TinyTeX/texmf-dist/tex/generic/pgf/math/pgfm
athfunctions.misc.code.tex)
(c:/Users/Eigenaar/AppData/Roaming/TinyTeX/texmf-dist/tex/generic/pgf/math/pgfm
athfunctions.integerarithmetics.code.tex)))
(c:/Users/Eigenaar/AppData/Roaming/TinyTeX/texmf-dist/tex/generic/pgf/math/pgfm
athfloat.code.tex
\c@pgfmathroundto@lastzeros=\count292
))
(c:/Users/Eigenaar/AppData/Roaming/TinyTeX/texmf-dist/tex/generic/pgf/math/pgfi
nt.code.tex)
(c:/Users/Eigenaar/AppData/Roaming/TinyTeX/texmf-dist/tex/generic/pgf/basiclaye
r/pgfcorepoints.code.tex
File: pgfcorepoints.code.tex 2020/10/01 v3.1.6a (3.1.6a)
\pgf@picminx=\dimen199
\pgf@picmaxx=\dimen256
\pgf@picminy=\dimen257
\pgf@picmaxy=\dimen258
\pgf@pathminx=\dimen259
\pgf@pathmaxx=\dimen260
\pgf@pathminy=\dimen261
\pgf@pathmaxy=\dimen262
\pgf@xx=\dimen263
\pgf@xy=\dimen264
\pgf@yx=\dimen265
\pgf@yy=\dimen266
\pgf@zx=\dimen267
\pgf@zy=\dimen268
)
(c:/Users/Eigenaar/AppData/Roaming/TinyTeX/texmf-dist/tex/generic/pgf/basiclaye
r/pgfcorepathconstruct.code.tex
File: pgfcorepathconstruct.code.tex 2020/10/01 v3.1.6a (3.1.6a)
\pgf@path@lastx=\dimen269
\pgf@path@lasty=\dimen270
)
(c:/Users/Eigenaar/AppData/Roaming/TinyTeX/texmf-dist/tex/generic/pgf/basiclaye
r/pgfcorepathusage.code.tex
File: pgfcorepathusage.code.tex 2020/10/01 v3.1.6a (3.1.6a)
\pgf@shorten@end@additional=\dimen271
\pgf@shorten@start@additional=\dimen272
)
(c:/Users/Eigenaar/AppData/Roaming/TinyTeX/texmf-dist/tex/generic/pgf/basiclaye
r/pgfcorescopes.code.tex
File: pgfcorescopes.code.tex 2020/10/01 v3.1.6a (3.1.6a)
\pgfpic=\box54
\pgf@hbox=\box55
\pgf@layerbox@main=\box56
\pgf@picture@serial@count=\count293
)
(c:/Users/Eigenaar/AppData/Roaming/TinyTeX/texmf-dist/tex/generic/pgf/basiclaye
r/pgfcoregraphicstate.code.tex
File: pgfcoregraphicstate.code.tex 2020/10/01 v3.1.6a (3.1.6a)
\pgflinewidth=\dimen273
)
(c:/Users/Eigenaar/AppData/Roaming/TinyTeX/texmf-dist/tex/generic/pgf/basiclaye
r/pgfcoretransformations.code.tex
File: pgfcoretransformations.code.tex 2020/10/01 v3.1.6a (3.1.6a)
\pgf@pt@x=\dimen274
\pgf@pt@y=\dimen275
\pgf@pt@temp=\dimen276
)
(c:/Users/Eigenaar/AppData/Roaming/TinyTeX/texmf-dist/tex/generic/pgf/basiclaye
r/pgfcorequick.code.tex
File: pgfcorequick.code.tex 2020/10/01 v3.1.6a (3.1.6a)
)
(c:/Users/Eigenaar/AppData/Roaming/TinyTeX/texmf-dist/tex/generic/pgf/basiclaye
r/pgfcoreobjects.code.tex
File: pgfcoreobjects.code.tex 2020/10/01 v3.1.6a (3.1.6a)
)
(c:/Users/Eigenaar/AppData/Roaming/TinyTeX/texmf-dist/tex/generic/pgf/basiclaye
r/pgfcorepathprocessing.code.tex
File: pgfcorepathprocessing.code.tex 2020/10/01 v3.1.6a (3.1.6a)
)
(c:/Users/Eigenaar/AppData/Roaming/TinyTeX/texmf-dist/tex/generic/pgf/basiclaye
r/pgfcorearrows.code.tex
File: pgfcorearrows.code.tex 2020/10/01 v3.1.6a (3.1.6a)
\pgfarrowsep=\dimen277
)
(c:/Users/Eigenaar/AppData/Roaming/TinyTeX/texmf-dist/tex/generic/pgf/basiclaye
r/pgfcoreshade.code.tex
File: pgfcoreshade.code.tex 2020/10/01 v3.1.6a (3.1.6a)
\pgf@max=\dimen278
\pgf@sys@shading@range@num=\count294
\pgf@shadingcount=\count295
)
(c:/Users/Eigenaar/AppData/Roaming/TinyTeX/texmf-dist/tex/generic/pgf/basiclaye
r/pgfcoreimage.code.tex
File: pgfcoreimage.code.tex 2020/10/01 v3.1.6a (3.1.6a)

(c:/Users/Eigenaar/AppData/Roaming/TinyTeX/texmf-dist/tex/generic/pgf/basiclaye
r/pgfcoreexternal.code.tex
File: pgfcoreexternal.code.tex 2020/10/01 v3.1.6a (3.1.6a)
\pgfexternal@startupbox=\box57
))
(c:/Users/Eigenaar/AppData/Roaming/TinyTeX/texmf-dist/tex/generic/pgf/basiclaye
r/pgfcorelayers.code.tex
File: pgfcorelayers.code.tex 2020/10/01 v3.1.6a (3.1.6a)
)
(c:/Users/Eigenaar/AppData/Roaming/TinyTeX/texmf-dist/tex/generic/pgf/basiclaye
r/pgfcoretransparency.code.tex
File: pgfcoretransparency.code.tex 2020/10/01 v3.1.6a (3.1.6a)
)
(c:/Users/Eigenaar/AppData/Roaming/TinyTeX/texmf-dist/tex/generic/pgf/basiclaye
r/pgfcorepatterns.code.tex
File: pgfcorepatterns.code.tex 2020/10/01 v3.1.6a (3.1.6a)
)
(c:/Users/Eigenaar/AppData/Roaming/TinyTeX/texmf-dist/tex/generic/pgf/basiclaye
r/pgfcorerdf.code.tex
File: pgfcorerdf.code.tex 2020/10/01 v3.1.6a (3.1.6a)
)))
(c:/Users/Eigenaar/AppData/Roaming/TinyTeX/texmf-dist/tex/generic/pgf/modules/p
gfmoduleshapes.code.tex
File: pgfmoduleshapes.code.tex 2020/10/01 v3.1.6a (3.1.6a)
\pgfnodeparttextbox=\box58
)
(c:/Users/Eigenaar/AppData/Roaming/TinyTeX/texmf-dist/tex/generic/pgf/modules/p
gfmoduleplot.code.tex
File: pgfmoduleplot.code.tex 2020/10/01 v3.1.6a (3.1.6a)
)
(c:/Users/Eigenaar/AppData/Roaming/TinyTeX/texmf-dist/tex/latex/pgf/compatibili
ty/pgfcomp-version-0-65.sty
Package: pgfcomp-version-0-65 2020/10/01 v3.1.6a (3.1.6a)
\pgf@nodesepstart=\dimen279
\pgf@nodesepend=\dimen280
)
(c:/Users/Eigenaar/AppData/Roaming/TinyTeX/texmf-dist/tex/latex/pgf/compatibili
ty/pgfcomp-version-1-18.sty
Package: pgfcomp-version-1-18 2020/10/01 v3.1.6a (3.1.6a)
))
(c:/Users/Eigenaar/AppData/Roaming/TinyTeX/texmf-dist/tex/latex/pgf/utilities/p
gffor.sty
(c:/Users/Eigenaar/AppData/Roaming/TinyTeX/texmf-dist/tex/latex/pgf/utilities/p
gfkeys.sty
(c:/Users/Eigenaar/AppData/Roaming/TinyTeX/texmf-dist/tex/generic/pgf/utilities
/pgfkeys.code.tex))
(c:/Users/Eigenaar/AppData/Roaming/TinyTeX/texmf-dist/tex/latex/pgf/math/pgfmat
h.sty
(c:/Users/Eigenaar/AppData/Roaming/TinyTeX/texmf-dist/tex/generic/pgf/math/pgfm
ath.code.tex))
(c:/Users/Eigenaar/AppData/Roaming/TinyTeX/texmf-dist/tex/generic/pgf/utilities
/pgffor.code.tex
Package: pgffor 2020/10/01 v3.1.6a (3.1.6a)

(c:/Users/Eigenaar/AppData/Roaming/TinyTeX/texmf-dist/tex/generic/pgf/math/pgfm
ath.code.tex)
\pgffor@iter=\dimen281
\pgffor@skip=\dimen282
\pgffor@stack=\toks36
\pgffor@toks=\toks37
))
(c:/Users/Eigenaar/AppData/Roaming/TinyTeX/texmf-dist/tex/generic/pgf/frontendl
ayer/tikz/tikz.code.tex
Package: tikz 2020/10/01 v3.1.6a (3.1.6a)

(c:/Users/Eigenaar/AppData/Roaming/TinyTeX/texmf-dist/tex/generic/pgf/libraries
/pgflibraryplothandlers.code.tex
File: pgflibraryplothandlers.code.tex 2020/10/01 v3.1.6a (3.1.6a)
\pgf@plot@mark@count=\count296
\pgfplotmarksize=\dimen283
)
\tikz@lastx=\dimen284
\tikz@lasty=\dimen285
\tikz@lastxsaved=\dimen286
\tikz@lastysaved=\dimen287
\tikz@lastmovetox=\dimen288
\tikz@lastmovetoy=\dimen289
\tikzleveldistance=\dimen290
\tikzsiblingdistance=\dimen291
\tikz@figbox=\box59
\tikz@figbox@bg=\box60
\tikz@tempbox=\box61
\tikz@tempbox@bg=\box62
\tikztreelevel=\count297
\tikznumberofchildren=\count298
\tikznumberofcurrentchild=\count299
\tikz@fig@count=\count300

(c:/Users/Eigenaar/AppData/Roaming/TinyTeX/texmf-dist/tex/generic/pgf/modules/p
gfmodulematrix.code.tex
File: pgfmodulematrix.code.tex 2020/10/01 v3.1.6a (3.1.6a)
\pgfmatrixcurrentrow=\count301
\pgfmatrixcurrentcolumn=\count302
\pgf@matrix@numberofcolumns=\count303
)
\tikz@expandcount=\count304

(c:/Users/Eigenaar/AppData/Roaming/TinyTeX/texmf-dist/tex/generic/pgf/frontendl
ayer/tikz/libraries/tikzlibrarytopaths.code.tex
File: tikzlibrarytopaths.code.tex 2020/10/01 v3.1.6a (3.1.6a)
)))
(c:/Users/Eigenaar/AppData/Roaming/TinyTeX/texmf-dist/tex/latex/titlesec/titles
ec.sty
Package: titlesec 2019/10/16 v2.13 Sectioning titles
\ttl@box=\box63
\beforetitleunit=\skip68
\aftertitleunit=\skip69
\ttl@plus=\dimen292
\ttl@minus=\dimen293
\ttl@toksa=\toks38
\titlewidth=\dimen294
\titlewidthlast=\dimen295
\titlewidthfirst=\dimen296
)
(c:/Users/Eigenaar/AppData/Roaming/TinyTeX/texmf-dist/tex/latex/colortbl/colort
bl.sty
Package: colortbl 2020/01/04 v1.0e Color table columns (DPC)
\everycr=\toks39
\minrowclearance=\skip70
) (c:/Users/Eigenaar/AppData/Roaming/TinyTeX/texmf-dist/tex/latex/url/url.sty
\Urlmuskip=\muskip17
Package: url 2013/09/16  ver 3.4  Verb mode for urls, etc.
)
(c:/Users/Eigenaar/AppData/Roaming/TinyTeX/texmf-dist/tex/latex/hyperref/hyperr
ef.sty
Package: hyperref 2020-05-15 v7.00e Hypertext links for LaTeX

(c:/Users/Eigenaar/AppData/Roaming/TinyTeX/texmf-dist/tex/generic/ltxcmds/ltxcm
ds.sty
Package: ltxcmds 2020-05-10 v1.25 LaTeX kernel commands for general use (HO)
)
(c:/Users/Eigenaar/AppData/Roaming/TinyTeX/texmf-dist/tex/latex/pdftexcmds/pdft
excmds.sty
Package: pdftexcmds 2019/11/24 v0.31 Utility functions of pdfTeX for LuaTeX (HO
)

(c:/Users/Eigenaar/AppData/Roaming/TinyTeX/texmf-dist/tex/generic/infwarerr/inf
warerr.sty
Package: infwarerr 2019/12/03 v1.5 Providing info/warning/error messages (HO)
)
Package pdftexcmds Info: \pdf@primitive is available.
Package pdftexcmds Info: \pdf@ifprimitive is available.
Package pdftexcmds Info: \pdfdraftmode not found.
)
(c:/Users/Eigenaar/AppData/Roaming/TinyTeX/texmf-dist/tex/generic/kvsetkeys/kvs
etkeys.sty
Package: kvsetkeys 2019/12/15 v1.18 Key value parser (HO)
)
(c:/Users/Eigenaar/AppData/Roaming/TinyTeX/texmf-dist/tex/generic/kvdefinekeys/
kvdefinekeys.sty
Package: kvdefinekeys 2019-12-19 v1.6 Define keys (HO)
)
(c:/Users/Eigenaar/AppData/Roaming/TinyTeX/texmf-dist/tex/generic/pdfescape/pdf
escape.sty
Package: pdfescape 2019/12/09 v1.15 Implements pdfTeX's escape features (HO)
)
(c:/Users/Eigenaar/AppData/Roaming/TinyTeX/texmf-dist/tex/latex/hycolor/hycolor
.sty
Package: hycolor 2020-01-27 v1.10 Color options for hyperref/bookmark (HO)
)
(c:/Users/Eigenaar/AppData/Roaming/TinyTeX/texmf-dist/tex/latex/letltxmacro/let
ltxmacro.sty
Package: letltxmacro 2019/12/03 v1.6 Let assignment for LaTeX macros (HO)
)
(c:/Users/Eigenaar/AppData/Roaming/TinyTeX/texmf-dist/tex/latex/auxhook/auxhook
.sty
Package: auxhook 2019-12-17 v1.6 Hooks for auxiliary files (HO)
)
(c:/Users/Eigenaar/AppData/Roaming/TinyTeX/texmf-dist/tex/latex/kvoptions/kvopt
ions.sty
Package: kvoptions 2019/11/29 v3.13 Key value format for package options (HO)
)
\@linkdim=\dimen297
\Hy@linkcounter=\count305
\Hy@pagecounter=\count306

(c:/Users/Eigenaar/AppData/Roaming/TinyTeX/texmf-dist/tex/latex/hyperref/pd1enc
.def
File: pd1enc.def 2020-05-15 v7.00e Hyperref: PDFDocEncoding definition (HO)
)
(c:/Users/Eigenaar/AppData/Roaming/TinyTeX/texmf-dist/tex/generic/intcalc/intca
lc.sty
Package: intcalc 2019/12/15 v1.3 Expandable calculations with integers (HO)
)
(c:/Users/Eigenaar/AppData/Roaming/TinyTeX/texmf-dist/tex/generic/etexcmds/etex
cmds.sty
Package: etexcmds 2019/12/15 v1.7 Avoid name clashes with e-TeX commands (HO)
)
\Hy@SavedSpaceFactor=\count307
Package hyperref Info: Hyper figures OFF on input line 4464.
Package hyperref Info: Link nesting OFF on input line 4469.
Package hyperref Info: Hyper index ON on input line 4472.
Package hyperref Info: Plain pages OFF on input line 4479.
Package hyperref Info: Backreferencing OFF on input line 4484.
Package hyperref Info: Implicit mode ON; LaTeX internals redefined.
Package hyperref Info: Bookmarks ON on input line 4717.
\c@Hy@tempcnt=\count308
LaTeX Info: Redefining \url on input line 5076.
\XeTeXLinkMargin=\dimen298

(c:/Users/Eigenaar/AppData/Roaming/TinyTeX/texmf-dist/tex/generic/bitset/bitset
.sty
Package: bitset 2019/12/09 v1.3 Handle bit-vector datatype (HO)

(c:/Users/Eigenaar/AppData/Roaming/TinyTeX/texmf-dist/tex/generic/bigintcalc/bi
gintcalc.sty
Package: bigintcalc 2019/12/15 v1.5 Expandable calculations on big integers (HO
)
))
\Fld@menulength=\count309
\Field@Width=\dimen299
\Fld@charsize=\dimen300
Package hyperref Info: Hyper figures OFF on input line 6347.
Package hyperref Info: Link nesting OFF on input line 6352.
Package hyperref Info: Hyper index ON on input line 6355.
Package hyperref Info: backreferencing OFF on input line 6362.
Package hyperref Info: Link coloring OFF on input line 6367.
Package hyperref Info: Link coloring with OCG OFF on input line 6372.
Package hyperref Info: PDF/A mode OFF on input line 6377.
LaTeX Info: Redefining \ref on input line 6417.
LaTeX Info: Redefining \pageref on input line 6421.
\Hy@abspage=\count310
\c@Item=\count311
\c@Hfootnote=\count312
)
Package hyperref Info: Driver (autodetected): hxetex.

(c:/Users/Eigenaar/AppData/Roaming/TinyTeX/texmf-dist/tex/latex/hyperref/hxetex
.def
File: hxetex.def 2020-05-15 v7.00e Hyperref driver for XeTeX

(c:/Users/Eigenaar/AppData/Roaming/TinyTeX/texmf-dist/tex/latex/hyperref/puenc.
def
File: puenc.def 2020-05-15 v7.00e Hyperref: PDF Unicode definition (HO)
)
(c:/Users/Eigenaar/AppData/Roaming/TinyTeX/texmf-dist/tex/generic/stringenc/str
ingenc.sty
Package: stringenc 2019/11/29 v1.12 Convert strings between diff. encodings (HO
)
)
\pdfm@box=\box64
\c@Hy@AnnotLevel=\count313
\HyField@AnnotCount=\count314
\Fld@listcount=\count315
\c@bookmark@seq@number=\count316

(c:/Users/Eigenaar/AppData/Roaming/TinyTeX/texmf-dist/tex/latex/rerunfilecheck/
rerunfilecheck.sty
Package: rerunfilecheck 2019/12/05 v1.9 Rerun checks for auxiliary files (HO)

(c:/Users/Eigenaar/AppData/Roaming/TinyTeX/texmf-dist/tex/latex/base/atveryend-
ltx.sty
Package: atveryend-ltx 2020/08/19 v1.0a Emulation of the original atvery packag
e
with kernel methods
)
(c:/Users/Eigenaar/AppData/Roaming/TinyTeX/texmf-dist/tex/generic/uniquecounter
/uniquecounter.sty
Package: uniquecounter 2019/12/15 v1.4 Provide unlimited unique counter (HO)
)
Package uniquecounter Info: New unique counter `rerunfilecheck' on input line 2
86.
)
\Hy@SectionHShift=\skip71
)
(c:/Users/Eigenaar/AppData/Roaming/TinyTeX/texmf-dist/tex/latex/pmboxdraw/pmbox
draw.sty
Package: pmboxdraw 2019/12/05 v1.4 Poor man's box drawing characters (HO)
\pmbd@W=\dimen301
\pmbd@H=\dimen302
\pmbd@L=\dimen303
\pmbd@Thin=\dimen304
\pmbd@Thick=\dimen305
\pmbd@Sep=\dimen306
)
(c:/Users/Eigenaar/AppData/Roaming/TinyTeX/texmf-dist/tex/latex/placeins/placei
ns.sty
Package: placeins 2005/04/18  v 2.2
)
(c:/Users/Eigenaar/AppData/Roaming/TinyTeX/texmf-dist/tex/latex/enumitem/enumit
em.sty
Package: enumitem 2019/06/20 v3.9 Customized lists
\labelindent=\skip72
\enit@outerparindent=\dimen307
\enit@toks=\toks40
\enit@inbox=\box65
\enit@count@id=\count317
\enitdp@description=\count318
)
(c:/Users/Eigenaar/AppData/Roaming/TinyTeX/texmf-dist/tex/latex/tools/longtable
.sty
Package: longtable 2020/01/07 v4.13 Multi-page Table package (DPC)
\LTleft=\skip73
\LTright=\skip74
\LTpre=\skip75
\LTpost=\skip76
\LTchunksize=\count319
\LTcapwidth=\dimen308
\LT@head=\box66
\LT@firsthead=\box67
\LT@foot=\box68
\LT@lastfoot=\box69
\LT@cols=\count320
\LT@rows=\count321
\c@LT@tables=\count322
\c@LT@chunks=\count323
\LT@p@ftn=\toks41
)
(c:/Users/Eigenaar/AppData/Roaming/TinyTeX/texmf-dist/tex/latex/graphics/lscape
.sty
Package: lscape 2020/05/28 v3.02 Landscape Pages (DPC)
)

Package fontspec Info: Font family 'Lato-Regular.ttf(0)' created for font
(fontspec)             'Lato-Regular.ttf' with options [Mapping =
(fontspec)             tex-text,Ligatures=TeX,BoldFont =
(fontspec)             Lato-Bold.ttf,ItalicFont =
(fontspec)             Lato-Italic.ttf,BoldItalicFont = Lato-BoldItalic.ttf].
(fontspec)              
(fontspec)              This font family consists of the following NFSS
(fontspec)             series/shapes:
(fontspec)              
(fontspec)             - 'normal' (m/n) with NFSS spec.:
(fontspec)             <->"[Lato-Regular.ttf]/OT:script=latn;language=dflt;mapp
ing=tex-text;"
(fontspec)             - 'small caps'  (m/sc) with NFSS spec.: 
(fontspec)             - 'bold' (b/n) with NFSS spec.:
(fontspec)             <->"[Lato-Bold.ttf]/OT:script=latn;language=dflt;mapping
=tex-text;"
(fontspec)             - 'bold small caps'  (b/sc) with NFSS spec.: 
(fontspec)             - 'italic' (m/it) with NFSS spec.:
(fontspec)             <->"[Lato-Italic.ttf]/OT:script=latn;language=dflt;mappi
ng=tex-text;"
(fontspec)             - 'italic small caps'  (m/scit) with NFSS spec.: 
(fontspec)             - 'bold italic' (b/it) with NFSS spec.:
(fontspec)             <->"[Lato-BoldItalic.ttf]/OT:script=latn;language=dflt;m
apping=tex-text;"
(fontspec)             - 'bold italic small caps'  (b/scit) with NFSS spec.: 


Package fontspec Info: Font family 'Lato-Black.ttf(0)' created for font
(fontspec)             'Lato-Black.ttf' with options [Mapping =
(fontspec)             tex-text,ItalicFont = Lato-BlackItalic.ttf].
(fontspec)              
(fontspec)              This font family consists of the following NFSS
(fontspec)             series/shapes:
(fontspec)              
(fontspec)             - 'normal' (m/n) with NFSS spec.:
(fontspec)             <->"[Lato-Black.ttf]/OT:script=latn;language=dflt;mappin
g=tex-text;"
(fontspec)             - 'small caps'  (m/sc) with NFSS spec.: 
(fontspec)             - 'italic' (m/it) with NFSS spec.:
(fontspec)             <->"[Lato-BlackItalic.ttf]/OT:script=latn;language=dflt;
mapping=tex-text;"
(fontspec)             - 'italic small caps'  (m/scit) with NFSS spec.: 


Package fontspec Info: Font family 'UbuntuMono-Regular.ttf(0)' created for
(fontspec)             font 'UbuntuMono-Regular.ttf' with options [Mapping =
(fontspec)             tex-text,WordSpace={1,0,0},HyphenChar=None,PunctuationSp
ace=WordSpace,Scale=0.90,BoldFont=UbuntuMono-Bold.ttf,BoldItalicFont=UbuntuMono
-BoldItalic.ttf].
(fontspec)              
(fontspec)              This font family consists of the following NFSS
(fontspec)             series/shapes:
(fontspec)              
(fontspec)             - 'normal' (m/n) with NFSS spec.:
(fontspec)             <->s*[0.90]"[UbuntuMono-Regular.ttf]/OT:script=latn;lang
uage=dflt;mapping=tex-text;"
(fontspec)             - 'small caps'  (m/sc) with NFSS spec.: 
(fontspec)             and font adjustment code:
(fontspec)             \fontdimen 2\font =1\fontdimen 2\font \fontdimen 3\font
(fontspec)             =0\fontdimen 3\font \fontdimen 4\font =0\fontdimen
(fontspec)             4\font \fontdimen 7\font =0\fontdimen 2\font
(fontspec)             \tex_hyphenchar:D \font =-1\scan_stop: 
(fontspec)             - 'bold' (b/n) with NFSS spec.:
(fontspec)             <->s*[0.90]"[UbuntuMono-Bold.ttf]/OT:script=latn;languag
e=dflt;mapping=tex-text;"
(fontspec)             - 'bold small caps'  (b/sc) with NFSS spec.: 
(fontspec)             and font adjustment code:
(fontspec)             \fontdimen 2\font =1\fontdimen 2\font \fontdimen 3\font
(fontspec)             =0\fontdimen 3\font \fontdimen 4\font =0\fontdimen
(fontspec)             4\font \fontdimen 7\font =0\fontdimen 2\font
(fontspec)             \tex_hyphenchar:D \font =-1\scan_stop: 
(fontspec)             - 'bold italic' (b/it) with NFSS spec.:
(fontspec)             <->s*[0.90]"[UbuntuMono-BoldItalic.ttf]/OT:script=latn;l
anguage=dflt;mapping=tex-text;"
(fontspec)             - 'bold italic small caps'  (b/scit) with NFSS spec.: 
(fontspec)             and font adjustment code:
(fontspec)             \fontdimen 2\font =1\fontdimen 2\font \fontdimen 3\font
(fontspec)             =0\fontdimen 3\font \fontdimen 4\font =0\fontdimen
(fontspec)             4\font \fontdimen 7\font =0\fontdimen 2\font
(fontspec)             \tex_hyphenchar:D \font =-1\scan_stop: 

\myheight=\skip77
)

LaTeX Warning: Unused global option(s):
    [10,a4paperpaper].

(./paper.aux)
\openout1 = `paper.aux'.

LaTeX Font Info:    Checking defaults for OML/cmm/m/it on input line 18.
LaTeX Font Info:    ... okay on input line 18.
LaTeX Font Info:    Checking defaults for OMS/cmsy/m/n on input line 18.
LaTeX Font Info:    ... okay on input line 18.
LaTeX Font Info:    Checking defaults for OT1/cmr/m/n on input line 18.
LaTeX Font Info:    ... okay on input line 18.
LaTeX Font Info:    Checking defaults for T1/cmr/m/n on input line 18.
LaTeX Font Info:    ... okay on input line 18.
LaTeX Font Info:    Checking defaults for TS1/cmr/m/n on input line 18.
LaTeX Font Info:    Trying to load font information for TS1+cmr on input line 1
8.
(c:/Users/Eigenaar/AppData/Roaming/TinyTeX/texmf-dist/tex/latex/base/ts1cmr.fd
File: ts1cmr.fd 2019/12/16 v2.5j Standard LaTeX font definitions
)
LaTeX Font Info:    ... okay on input line 18.
LaTeX Font Info:    Checking defaults for TU/lmr/m/n on input line 18.
LaTeX Font Info:    ... okay on input line 18.
LaTeX Font Info:    Checking defaults for OMX/cmex/m/n on input line 18.
LaTeX Font Info:    ... okay on input line 18.
LaTeX Font Info:    Checking defaults for U/cmr/m/n on input line 18.
LaTeX Font Info:    ... okay on input line 18.
LaTeX Font Info:    Checking defaults for PD1/pdf/m/n on input line 18.
LaTeX Font Info:    ... okay on input line 18.
LaTeX Font Info:    Checking defaults for PU/pdf/m/n on input line 18.
LaTeX Font Info:    ... okay on input line 18.
LaTeX Font Info:    Checking defaults for pmboxdraw/pmboxdraw/m/n on input line
 18.
LaTeX Font Info:    ... okay on input line 18.

Package fontspec Info: Adjusting the maths setup (use [no-math] to avoid
(fontspec)             this).

\symlegacymaths=\mathgroup4
LaTeX Font Info:    Overwriting symbol font `legacymaths' in version `bold'
(Font)                  OT1/cmr/m/n --> OT1/cmr/bx/n on input line 18.
LaTeX Font Info:    Redeclaring math accent \acute on input line 18.
LaTeX Font Info:    Redeclaring math accent \grave on input line 18.
LaTeX Font Info:    Redeclaring math accent \ddot on input line 18.
LaTeX Font Info:    Redeclaring math accent \tilde on input line 18.
LaTeX Font Info:    Redeclaring math accent \bar on input line 18.
LaTeX Font Info:    Redeclaring math accent \breve on input line 18.
LaTeX Font Info:    Redeclaring math accent \check on input line 18.
LaTeX Font Info:    Redeclaring math accent \hat on input line 18.
LaTeX Font Info:    Redeclaring math accent \dot on input line 18.
LaTeX Font Info:    Redeclaring math accent \mathring on input line 18.
LaTeX Font Info:    Redeclaring math symbol \Gamma on input line 18.
LaTeX Font Info:    Redeclaring math symbol \Delta on input line 18.
LaTeX Font Info:    Redeclaring math symbol \Theta on input line 18.
LaTeX Font Info:    Redeclaring math symbol \Lambda on input line 18.
LaTeX Font Info:    Redeclaring math symbol \Xi on input line 18.
LaTeX Font Info:    Redeclaring math symbol \Pi on input line 18.
LaTeX Font Info:    Redeclaring math symbol \Sigma on input line 18.
LaTeX Font Info:    Redeclaring math symbol \Upsilon on input line 18.
LaTeX Font Info:    Redeclaring math symbol \Phi on input line 18.
LaTeX Font Info:    Redeclaring math symbol \Psi on input line 18.
LaTeX Font Info:    Redeclaring math symbol \Omega on input line 18.
LaTeX Font Info:    Redeclaring math symbol \mathdollar on input line 18.
LaTeX Font Info:    Redeclaring symbol font `operators' on input line 18.
LaTeX Font Info:    Encoding `OT1' has changed to `TU' for symbol font
(Font)              `operators' in the math version `normal' on input line 18.
LaTeX Font Info:    Overwriting symbol font `operators' in version `normal'
(Font)                  OT1/cmr/m/n --> TU/Lato-Regular.ttf(0)/m/n on input lin
e 18.
LaTeX Font Info:    Encoding `OT1' has changed to `TU' for symbol font
(Font)              `operators' in the math version `bold' on input line 18.
LaTeX Font Info:    Overwriting symbol font `operators' in version `bold'
(Font)                  OT1/cmr/bx/n --> TU/Lato-Regular.ttf(0)/m/n on input li
ne 18.
LaTeX Font Info:    Overwriting symbol font `operators' in version `normal'
(Font)                  TU/Lato-Regular.ttf(0)/m/n --> TU/Lato-Regular.ttf(0)/m
/n on input line 18.
LaTeX Font Info:    Overwriting math alphabet `\mathit' in version `normal'
(Font)                  OT1/cmr/m/it --> TU/Lato-Regular.ttf(0)/m/it on input l
ine 18.
LaTeX Font Info:    Overwriting math alphabet `\mathbf' in version `normal'
(Font)                  OT1/cmr/bx/n --> TU/Lato-Regular.ttf(0)/b/n on input li
ne 18.
LaTeX Font Info:    Overwriting math alphabet `\mathsf' in version `normal'
(Font)                  OT1/cmss/m/n --> TU/lmss/m/n on input line 18.
LaTeX Font Info:    Overwriting math alphabet `\mathtt' in version `normal'
(Font)                  OT1/cmtt/m/n --> TU/UbuntuMono-Regular.ttf(0)/m/n on in
put line 18.
LaTeX Font Info:    Overwriting symbol font `operators' in version `bold'
(Font)                  TU/Lato-Regular.ttf(0)/m/n --> TU/Lato-Regular.ttf(0)/b
/n on input line 18.
LaTeX Font Info:    Overwriting math alphabet `\mathit' in version `bold'
(Font)                  OT1/cmr/bx/it --> TU/Lato-Regular.ttf(0)/b/it on input 
line 18.
LaTeX Font Info:    Overwriting math alphabet `\mathsf' in version `bold'
(Font)                  OT1/cmss/bx/n --> TU/lmss/b/n on input line 18.
LaTeX Font Info:    Overwriting math alphabet `\mathtt' in version `bold'
(Font)                  OT1/cmtt/m/n --> TU/UbuntuMono-Regular.ttf(0)/b/n on in
put line 18.
*geometry* driver: auto-detecting
*geometry* detected driver: xetex
*geometry* verbose mode - [ preamble ] result:
* driver: xetex
* paper: <default>
* layout: <same size as paper>
* layoutoffset:(h,v)=(0.0pt,0.0pt)
* modes: includehead includefoot 
* h-part:(L,W,R)=(71.13188pt, 472.03123pt, 71.13188pt)
* v-part:(T,H,B)=(34.14322pt, 726.68355pt, 34.14322pt)
* \paperwidth=614.295pt
* \paperheight=794.96999pt
* \textwidth=472.03123pt
* \textheight=659.68355pt
* \oddsidemargin=-1.1381pt
* \evensidemargin=-1.1381pt
* \topmargin=-38.12677pt
* \headheight=12.0pt
* \headsep=25.0pt
* \topskip=10.0pt
* \footskip=30.0pt
* \marginparwidth=65.0pt
* \marginparsep=11.0pt
* \columnsep=10.0pt
* \skip\footins=9.0pt plus 4.0pt minus 2.0pt
* \hoffset=0.0pt
* \voffset=0.0pt
* \mag=1000
* \@twocolumnfalse
* \@twosidefalse
* \@mparswitchfalse
* \@reversemarginfalse
* (1in=72.27pt=25.4mm, 1cm=28.453pt)

Package lastpage Info: Please have a look at the pageslts package at
(lastpage)             https://www.ctan.org/pkg/pageslts
(lastpage)             ! on input line 18.
Package hyperref Info: Link coloring OFF on input line 18.

(c:/Users/Eigenaar/AppData/Roaming/TinyTeX/texmf-dist/tex/latex/hyperref/namere
f.sty
Package: nameref 2019/09/16 v2.46 Cross-referencing by name of section

(c:/Users/Eigenaar/AppData/Roaming/TinyTeX/texmf-dist/tex/latex/refcount/refcou
nt.sty
Package: refcount 2019/12/15 v3.6 Data extraction from label references (HO)
)
(c:/Users/Eigenaar/AppData/Roaming/TinyTeX/texmf-dist/tex/generic/gettitlestrin
g/gettitlestring.sty
Package: gettitlestring 2019/12/15 v1.6 Cleanup title references (HO)
)
\c@section@level=\count324
)
LaTeX Info: Redefining \ref on input line 18.
LaTeX Info: Redefining \pageref on input line 18.
LaTeX Info: Redefining \nameref on input line 18.
(./paper.out) (./paper.out)
\@outlinefile=\write4
\openout4 = `paper.out'.


LaTeX Font Warning: Font shape `TU/Lato-Black.ttf(0)/b/n' undefined
(Font)              using `TU/Lato-Black.ttf(0)/m/n' instead on input line 30.


(c:/Users/Eigenaar/AppData/Roaming/TinyTeX/texmf-dist/tex/generic/stringenc/se-
ascii-print.def
File: se-ascii-print.def 2019/11/29 v1.12 stringenc: Printable ASCII characters

) [1




] [2

] [3] [4] [5]
Overfull \hbox (58.64883pt too wide) in paragraph at lines 460--465
\TU/Lato-Regular.ttf(0)/m/n/10 pnorm(beta1\TU/Lato-Regular.ttf(0)/m/it/10 qnorm
(.75))/pnorm(beta1\TU/Lato-Regular.ttf(0)/m/n/10 qnorm(.25)) 
 []


Overfull \hbox (69.38385pt too wide) in paragraph at lines 460--465
\TU/Lato-Regular.ttf(0)/m/n/10 pnorm(alpha1\TU/Lato-Regular.ttf(0)/m/it/10 qnor
m(.75))/pnorm(alpha1\TU/Lato-Regular.ttf(0)/m/n/10 qnorm(.25)). 
 []

[6] [7]
Overfull \hbox (49.86873pt too wide) in paragraph at lines 590--629
 [][] 
 []

[8] [9] [10]
File: ../../figures/Figure2.png Graphic file (type bmp)
<../../figures/Figure2.png>
File: ../../figures/Figure3.png Graphic file (type bmp)
<../../figures/Figure3.png>
File: ../../figures/Figure4.png Graphic file (type bmp)
<../../figures/Figure4.png>
[11

] [12] [13] [14] [15] [16] [17]
LaTeX Font Info:    Font shape `TU/UbuntuMono-Regular.ttf(0)/m/n' will be
(Font)              scaled to size 8.99994pt on input line 778.
[18] [19] 
AED: lastpage setting LastPage
[20] (./paper.aux)
Package rerunfilecheck Info: File `paper.out' has not changed.
(rerunfilecheck)             Checksum: 25695A5658DA42AE6DEC969C30017D60;1553.

LaTeX Font Warning: Some font shapes were not available, defaults substituted.

 ) 
Here is how much of TeX's memory you used:
 23565 strings out of 479465
 474626 string characters out of 5880313
 831579 words of memory out of 5000000
 42458 multiletter control sequences out of 15000+600000
 539544 words of font info for 73 fonts, out of 8000000 for 9000
 14 hyphenation exceptions out of 8191
 83i,11n,92p,431b,506s stack positions out of 5000i,500n,10000p,200000b,80000s

Output written on paper.pdf (20 pages).
